dailyzerowaste/example/build/app/intermediates/manifest_merge_blame_file/debug/manifest-merger-blame-debug-report.txt
1<?xml version="1.0" encoding="utf-8"?>
2<manifest xmlns:android="http://schemas.android.com/apk/res/android"
3    package="com.example.dailyzerowaste"
4    android:versionCode="1"
5    android:versionName="1.0.0" >
6
7    <uses-sdk
8        android:minSdkVersion="21"
9        android:targetSdkVersion="30" />
10    <!--
11         Flutter needs it to communicate with the running application
12         to allow setting breakpoints, to provide hot reload, etc.
13    -->
14    <uses-permission android:name="android.permission.INTERNET" />
14-->src\debug\AndroidManifest.xml:6:5-66
14-->src\debug\AndroidManifest.xml:6:22-64
15    <uses-permission android:name="android.permission.ACCESS_FINE_LOCATION" />
15-->src\main\AndroidManifest.xml:3:5-79
15-->src\main\AndroidManifest.xml:3:22-76
16    <uses-permission android:name="android.permission.ACCESS_COARSE_LOCATION" />
16-->src\main\AndroidManifest.xml:4:5-81
16-->src\main\AndroidManifest.xml:4:22-78
17    <uses-permission android:name="android.permission.CAMERA" />
17-->src\main\AndroidManifest.xml:5:5-65
17-->src\main\AndroidManifest.xml:5:22-62
18    <uses-permission android:name="android.permission.WRITE_EXTERNAL_STORAGE" />
18-->src\main\AndroidManifest.xml:6:5-80
18-->src\main\AndroidManifest.xml:6:22-78
19    <uses-permission android:name="android.permission.READ_EXTERNAL_STORAGE" />
19-->src\main\AndroidManifest.xml:7:5-79
19-->src\main\AndroidManifest.xml:7:22-77
20    <uses-permission android:name="android.permission.VIBRATE" />
20-->[:qrscan] AndroidManifest.xml:8:5-66
20-->[:qrscan] AndroidManifest.xml:8:22-63
21    <uses-permission android:name="android.permission.FLASHLIGHT" />
21-->[:qrscan] AndroidManifest.xml:9:5-69
21-->[:qrscan] AndroidManifest.xml:9:22-66
22
23    <uses-feature android:name="android.hardware.camera" />
23-->[:qrscan] AndroidManifest.xml:11:5-60
23-->[:qrscan] AndroidManifest.xml:11:19-57
24    <uses-feature android:name="android.hardware.camera.autofocus" />
24-->[:qrscan] AndroidManifest.xml:12:5-70
24-->[:qrscan] AndroidManifest.xml:12:19-67
25
26    <uses-permission android:name="android.permission.WAKE_LOCK" />
26-->[:qrscan] AndroidManifest.xml:14:5-68
26-->[:qrscan] AndroidManifest.xml:14:22-65
27    <uses-permission android:name="android.permission.ACCESS_NETWORK_STATE" />
27-->[com.google.firebase:firebase-auth:20.0.3] AndroidManifest.xml:24:5-79
27-->[com.google.firebase:firebase-auth:20.0.3] AndroidManifest.xml:24:22-76
28
29    <uses-feature
29-->[com.google.android.gms:play-services-maps:17.0.0] AndroidManifest.xml:26:5-28:35
30        android:glEsVersion="0x00020000"
30-->[com.google.android.gms:play-services-maps:17.0.0] AndroidManifest.xml:27:9-41
31        android:required="true" />
31-->[com.google.android.gms:play-services-maps:17.0.0] AndroidManifest.xml:28:9-32
32
33    <uses-permission android:name="com.google.android.finsky.permission.BIND_GET_INSTALL_REFERRER_SERVICE" />
33-->[com.google.android.gms:play-services-measurement:18.0.2] AndroidManifest.xml:26:5-110
33-->[com.google.android.gms:play-services-measurement:18.0.2] AndroidManifest.xml:26:22-107
34
35    <application
35-->src\main\AndroidManifest.xml:8:4-57:19
36        android:allowBackup="true"
36-->[:qrscan] AndroidManifest.xml:20:9-35
37        android:appComponentFactory="androidx.core.app.CoreComponentFactory"
37-->[androidx.core:core:1.3.2] AndroidManifest.xml:24:18-86
38        android:configChanges="orientation|keyboardHidden"
38-->[:qrscan] AndroidManifest.xml:21:9-59
39        android:debuggable="true"
40        android:icon="@mipmap/ic_launcher"
40-->[:qrscan] AndroidManifest.xml:22:9-43
41        android:label="dailyzerowaste"
41-->src\main\AndroidManifest.xml:10:9-39
42        android:requestLegacyExternalStorage="true"
42-->src\main\AndroidManifest.xml:9:9-52
43        android:screenOrientation="portrait"
43-->[:qrscan] AndroidManifest.xml:23:9-45
44        android:supportsRtl="true"
44-->[:qrscan] AndroidManifest.xml:24:9-35
45        android:theme="@style/Theme.AppCompat.NoActionBar"
45-->[:qrscan] AndroidManifest.xml:25:9-59
46        android:windowSoftInputMode="stateAlwaysHidden" >
46-->[:qrscan] AndroidManifest.xml:26:9-56
47
48        <!-- 원본: <application> 내 android:icon="@mipmap/launcher_icon" -->
49        <activity
49-->src\main\AndroidManifest.xml:12:9-40:20
50            android:name="com.example.dailyzerowaste.MainActivity"
50-->src\main\AndroidManifest.xml:13:13-41
51            android:configChanges="orientation|keyboardHidden|keyboard|screenSize|smallestScreenSize|locale|layoutDirection|fontScale|screenLayout|density|uiMode"
51-->src\main\AndroidManifest.xml:16:13-163
52            android:hardwareAccelerated="true"
52-->src\main\AndroidManifest.xml:17:13-47
53            android:launchMode="singleTop"
53-->src\main\AndroidManifest.xml:14:13-43
54            android:theme="@style/LaunchTheme"
54-->src\main\AndroidManifest.xml:15:13-47
55            android:windowSoftInputMode="adjustResize" >
55-->src\main\AndroidManifest.xml:18:13-55
56
57            <!--
58                 Specifies an Android theme to apply to this Activity as soon as
59                 the Android process has started. This theme is visible to the user
60                 while the Flutter UI initializes. After that, this theme continues
61                 to determine the Window background behind the Flutter UI.
62            -->
63            <meta-data
63-->src\main\AndroidManifest.xml:23:13-26:17
64                android:name="io.flutter.embedding.android.NormalTheme"
64-->src\main\AndroidManifest.xml:24:15-70
65                android:resource="@style/NormalTheme" />
65-->src\main\AndroidManifest.xml:25:15-52
66            <!--
67                 Displays an Android View that continues showing the launch screen
68                 Drawable until Flutter paints its first frame, then this splash
69                 screen fades out. A splash screen is useful to avoid any visual
70                 gap between the end of Android's launch screen and the painting of
71                 Flutter's first frame.
72            -->
73            <meta-data
73-->src\main\AndroidManifest.xml:32:13-35:17
74                android:name="io.flutter.embedding.android.SplashScreenDrawable"
74-->src\main\AndroidManifest.xml:33:15-79
75                android:resource="@drawable/launch_background" />
75-->src\main\AndroidManifest.xml:34:15-61
76
77            <intent-filter>
77-->src\main\AndroidManifest.xml:36:13-39:29
78                <action android:name="android.intent.action.MAIN" />
78-->src\main\AndroidManifest.xml:37:17-68
78-->src\main\AndroidManifest.xml:37:25-66
79
80                <category android:name="android.intent.category.LAUNCHER" />
80-->src\main\AndroidManifest.xml:38:17-76
80-->src\main\AndroidManifest.xml:38:27-74
81            </intent-filter>
82        </activity>
83        <!--
84             Don't delete the meta-data below.
85             This is used by the Flutter tool to generate GeneratedPluginRegistrant.java
86        -->
87        <meta-data
87-->src\main\AndroidManifest.xml:43:9-45:33
88            android:name="flutterEmbedding"
88-->src\main\AndroidManifest.xml:44:13-44
89            android:value="2" />
89-->src\main\AndroidManifest.xml:45:13-30
90        <meta-data
90-->src\main\AndroidManifest.xml:46:9-47:70
91            android:name="com.google.android.geo.API_KEY"
91-->src\main\AndroidManifest.xml:46:20-65
92            android:value="AIzaSyDhx87XQ2IAF7hzmgtV-xXRRJQOi5fn6hU" />
92-->src\main\AndroidManifest.xml:47:13-68
93
94        <provider
95            android:name="androidx.core.content.FileProvider"
96            android:authorities="com.example.dailyzerowaste.com.shekarmudaliyar.social_share"
97            android:exported="false"
98            android:grantUriPermissions="true" >
99            <meta-data
99-->[:image_picker] AndroidManifest.xml:16:13-18:75
100                android:name="android.support.FILE_PROVIDER_PATHS"
100-->[:image_picker] AndroidManifest.xml:17:17-67
101                android:resource="@xml/filepaths" />
101-->[:image_picker] AndroidManifest.xml:18:17-72
102        </provider>
103
104        <service
104-->[:firebase_storage] AndroidManifest.xml:8:9-12:19
105            android:name="com.google.firebase.components.ComponentDiscoveryService"
105-->[:firebase_storage] AndroidManifest.xml:8:18-89
106            android:directBootAware="true"
106-->[com.google.firebase:firebase-common:19.5.0] AndroidManifest.xml:35:13-43
107            android:exported="false" >
107-->[com.google.firebase:firebase-auth:20.0.3] AndroidManifest.xml:76:13-37
108            <meta-data
108-->[:firebase_storage] AndroidManifest.xml:9:13-11:85
109                android:name="com.google.firebase.components:io.flutter.plugins.firebase.storage.FlutterFirebaseAppRegistrar"
109-->[:firebase_storage] AndroidManifest.xml:10:17-126
110                android:value="com.google.firebase.components.ComponentRegistrar" />
110-->[:firebase_storage] AndroidManifest.xml:11:17-82
111            <meta-data
111-->[:cloud_firestore] AndroidManifest.xml:9:13-11:85
112                android:name="com.google.firebase.components:io.flutter.plugins.firebase.firestore.FlutterFirebaseFirestoreRegistrar"
112-->[:cloud_firestore] AndroidManifest.xml:10:17-134
113                android:value="com.google.firebase.components.ComponentRegistrar" />
113-->[:cloud_firestore] AndroidManifest.xml:11:17-82
114            <meta-data
114-->[:firebase_auth] AndroidManifest.xml:9:13-11:85
115                android:name="com.google.firebase.components:io.flutter.plugins.firebase.auth.FlutterFirebaseAuthRegistrar"
115-->[:firebase_auth] AndroidManifest.xml:10:17-124
116                android:value="com.google.firebase.components.ComponentRegistrar" />
116-->[:firebase_auth] AndroidManifest.xml:11:17-82
117            <meta-data
117-->[:firebase_core] AndroidManifest.xml:9:13-11:85
118                android:name="com.google.firebase.components:io.flutter.plugins.firebase.core.FlutterFirebaseCoreRegistrar"
118-->[:firebase_core] AndroidManifest.xml:10:17-124
119                android:value="com.google.firebase.components.ComponentRegistrar" />
119-->[:firebase_core] AndroidManifest.xml:11:17-82
120            <meta-data
120-->[com.google.firebase:firebase-auth:20.0.3] AndroidManifest.xml:77:13-79:85
121                android:name="com.google.firebase.components:com.google.firebase.auth.FirebaseAuthRegistrar"
121-->[com.google.firebase:firebase-auth:20.0.3] AndroidManifest.xml:78:17-109
122                android:value="com.google.firebase.components.ComponentRegistrar" />
122-->[com.google.firebase:firebase-auth:20.0.3] AndroidManifest.xml:79:17-82
123            <meta-data
123-->[com.google.firebase:firebase-firestore:22.1.1] AndroidManifest.xml:20:13-22:85
124                android:name="com.google.firebase.components:com.google.firebase.firestore.FirestoreRegistrar"
124-->[com.google.firebase:firebase-firestore:22.1.1] AndroidManifest.xml:21:17-111
125                android:value="com.google.firebase.components.ComponentRegistrar" />
125-->[com.google.firebase:firebase-firestore:22.1.1] AndroidManifest.xml:22:17-82
126            <meta-data
126-->[com.google.firebase:firebase-storage:19.2.1] AndroidManifest.xml:33:13-35:85
127                android:name="com.google.firebase.components:com.google.firebase.storage.StorageRegistrar"
127-->[com.google.firebase:firebase-storage:19.2.1] AndroidManifest.xml:34:17-107
128                android:value="com.google.firebase.components.ComponentRegistrar" />
128-->[com.google.firebase:firebase-storage:19.2.1] AndroidManifest.xml:35:17-82
129            <meta-data
129-->[com.google.android.gms:play-services-measurement-api:18.0.2] AndroidManifest.xml:30:13-32:85
130                android:name="com.google.firebase.components:com.google.firebase.analytics.connector.internal.AnalyticsConnectorRegistrar"
130-->[com.google.android.gms:play-services-measurement-api:18.0.2] AndroidManifest.xml:31:17-139
131                android:value="com.google.firebase.components.ComponentRegistrar" />
131-->[com.google.android.gms:play-services-measurement-api:18.0.2] AndroidManifest.xml:32:17-82
132            <meta-data
132-->[com.google.firebase:firebase-installations:16.3.5] AndroidManifest.xml:18:13-20:85
133                android:name="com.google.firebase.components:com.google.firebase.installations.FirebaseInstallationsRegistrar"
133-->[com.google.firebase:firebase-installations:16.3.5] AndroidManifest.xml:19:17-127
134                android:value="com.google.firebase.components.ComponentRegistrar" />
134-->[com.google.firebase:firebase-installations:16.3.5] AndroidManifest.xml:20:17-82
135            <!--
136                This registrar is not defined in the dynamic-module-support sdk itself to allow non-firebase
137                clients to use it as well, by defining this registrar in their own core/common library.
138            -->
139            <meta-data
139-->[com.google.firebase:firebase-common:19.5.0] AndroidManifest.xml:43:13-45:85
140                android:name="com.google.firebase.components:com.google.firebase.dynamicloading.DynamicLoadingRegistrar"
140-->[com.google.firebase:firebase-common:19.5.0] AndroidManifest.xml:44:17-121
141                android:value="com.google.firebase.components.ComponentRegistrar" />
141-->[com.google.firebase:firebase-common:19.5.0] AndroidManifest.xml:45:17-82
142        </service>
143
144        <provider
144-->[:image_picker] AndroidManifest.xml:11:9-19:20
145            android:name="io.flutter.plugins.imagepicker.ImagePickerFileProvider"
145-->[:image_picker] AndroidManifest.xml:12:13-82
146            android:authorities="com.example.dailyzerowaste.flutter.image_provider"
146-->[:image_picker] AndroidManifest.xml:13:13-74
147            android:exported="false"
147-->[:image_picker] AndroidManifest.xml:14:13-37
148            android:grantUriPermissions="true" >
148-->[:image_picker] AndroidManifest.xml:15:13-47
149            <meta-data
149-->[:image_picker] AndroidManifest.xml:16:13-18:75
150                android:name="android.support.FILE_PROVIDER_PATHS"
150-->[:image_picker] AndroidManifest.xml:17:17-67
151                android:resource="@xml/flutter_image_picker_file_paths" />
151-->[:image_picker] AndroidManifest.xml:18:17-72
152        </provider>
153
154        <activity android:name="com.shinow.qrscan.SecondActivity" />
154-->[:qrscan] AndroidManifest.xml:27:9-69
154-->[:qrscan] AndroidManifest.xml:27:19-66
155
156        <service
156-->[:location] AndroidManifest.xml:11:9-15:56
157            android:name="com.lyokone.location.FlutterLocationService"
157-->[:location] AndroidManifest.xml:12:13-71
158            android:enabled="true"
158-->[:location] AndroidManifest.xml:13:13-35
159            android:exported="false"
159-->[:location] AndroidManifest.xml:14:13-37
160            android:foregroundServiceType="location" />
160-->[:location] AndroidManifest.xml:15:13-53
161
162        <activity
162-->[com.google.firebase:firebase-auth:20.0.3] AndroidManifest.xml:27:9-44:20
163            android:name="com.google.firebase.auth.internal.GenericIdpActivity"
163-->[com.google.firebase:firebase-auth:20.0.3] AndroidManifest.xml:28:13-80
164            android:excludeFromRecents="true"
164-->[com.google.firebase:firebase-auth:20.0.3] AndroidManifest.xml:29:13-46
165            android:exported="true"
165-->[com.google.firebase:firebase-auth:20.0.3] AndroidManifest.xml:30:13-36
166            android:launchMode="singleTask"
166-->[com.google.firebase:firebase-auth:20.0.3] AndroidManifest.xml:31:13-44
167            android:theme="@android:style/Theme.Translucent.NoTitleBar" >
167-->[com.google.firebase:firebase-auth:20.0.3] AndroidManifest.xml:32:13-72
168            <intent-filter>
168-->[com.google.firebase:firebase-auth:20.0.3] AndroidManifest.xml:33:13-43:29
169                <action android:name="android.intent.action.VIEW" />
169-->[com.google.firebase:firebase-auth:20.0.3] AndroidManifest.xml:34:17-69
169-->[com.google.firebase:firebase-auth:20.0.3] AndroidManifest.xml:34:25-66
170
171                <category android:name="android.intent.category.DEFAULT" />
171-->[com.google.firebase:firebase-auth:20.0.3] AndroidManifest.xml:36:17-76
171-->[com.google.firebase:firebase-auth:20.0.3] AndroidManifest.xml:36:27-73
172                <category android:name="android.intent.category.BROWSABLE" />
172-->[com.google.firebase:firebase-auth:20.0.3] AndroidManifest.xml:37:17-78
172-->[com.google.firebase:firebase-auth:20.0.3] AndroidManifest.xml:37:27-75
173
174                <data
174-->[com.google.firebase:firebase-auth:20.0.3] AndroidManifest.xml:39:17-42:51
175                    android:host="firebase.auth"
175-->[com.google.firebase:firebase-auth:20.0.3] AndroidManifest.xml:40:21-49
176                    android:path="/"
176-->[com.google.firebase:firebase-auth:20.0.3] AndroidManifest.xml:41:21-37
177                    android:scheme="genericidp" />
177-->[com.google.firebase:firebase-auth:20.0.3] AndroidManifest.xml:42:21-48
178            </intent-filter>
179        </activity>
180        <activity
180-->[com.google.firebase:firebase-auth:20.0.3] AndroidManifest.xml:45:9-62:20
181            android:name="com.google.firebase.auth.internal.RecaptchaActivity"
181-->[com.google.firebase:firebase-auth:20.0.3] AndroidManifest.xml:46:13-79
182            android:excludeFromRecents="true"
182-->[com.google.firebase:firebase-auth:20.0.3] AndroidManifest.xml:47:13-46
183            android:exported="true"
183-->[com.google.firebase:firebase-auth:20.0.3] AndroidManifest.xml:48:13-36
184            android:launchMode="singleTask"
184-->[com.google.firebase:firebase-auth:20.0.3] AndroidManifest.xml:49:13-44
185            android:theme="@android:style/Theme.Translucent.NoTitleBar" >
185-->[com.google.firebase:firebase-auth:20.0.3] AndroidManifest.xml:50:13-72
186            <intent-filter>
186-->[com.google.firebase:firebase-auth:20.0.3] AndroidManifest.xml:51:13-61:29
187                <action android:name="android.intent.action.VIEW" />
187-->[com.google.firebase:firebase-auth:20.0.3] AndroidManifest.xml:34:17-69
187-->[com.google.firebase:firebase-auth:20.0.3] AndroidManifest.xml:34:25-66
188
189                <category android:name="android.intent.category.DEFAULT" />
189-->[com.google.firebase:firebase-auth:20.0.3] AndroidManifest.xml:36:17-76
189-->[com.google.firebase:firebase-auth:20.0.3] AndroidManifest.xml:36:27-73
190                <category android:name="android.intent.category.BROWSABLE" />
190-->[com.google.firebase:firebase-auth:20.0.3] AndroidManifest.xml:37:17-78
190-->[com.google.firebase:firebase-auth:20.0.3] AndroidManifest.xml:37:27-75
191
192                <data
192-->[com.google.firebase:firebase-auth:20.0.3] AndroidManifest.xml:39:17-42:51
193                    android:host="firebase.auth"
193-->[com.google.firebase:firebase-auth:20.0.3] AndroidManifest.xml:40:21-49
194                    android:path="/"
194-->[com.google.firebase:firebase-auth:20.0.3] AndroidManifest.xml:41:21-37
195                    android:scheme="recaptcha" />
195-->[com.google.firebase:firebase-auth:20.0.3] AndroidManifest.xml:42:21-48
196            </intent-filter>
197        </activity>
198
199        <service
199-->[com.google.firebase:firebase-auth:20.0.3] AndroidManifest.xml:64:9-73:19
200            android:name="com.google.firebase.auth.api.fallback.service.FirebaseAuthFallbackService"
200-->[com.google.firebase:firebase-auth:20.0.3] AndroidManifest.xml:65:13-101
201            android:enabled="true"
201-->[com.google.firebase:firebase-auth:20.0.3] AndroidManifest.xml:66:13-35
202            android:exported="false" >
202-->[com.google.firebase:firebase-auth:20.0.3] AndroidManifest.xml:67:13-37
203            <intent-filter>
203-->[com.google.firebase:firebase-auth:20.0.3] AndroidManifest.xml:68:13-72:29
204                <action android:name="com.google.firebase.auth.api.gms.service.START" />
204-->[com.google.firebase:firebase-auth:20.0.3] AndroidManifest.xml:69:17-89
204-->[com.google.firebase:firebase-auth:20.0.3] AndroidManifest.xml:69:25-86
205
206                <category android:name="android.intent.category.DEFAULT" />
206-->[com.google.firebase:firebase-auth:20.0.3] AndroidManifest.xml:36:17-76
206-->[com.google.firebase:firebase-auth:20.0.3] AndroidManifest.xml:36:27-73
207            </intent-filter>
208        </service>
209
210        <provider
210-->[com.google.firebase:firebase-common:19.5.0] AndroidManifest.xml:26:9-31:39
211            android:name="com.google.firebase.provider.FirebaseInitProvider"
211-->[com.google.firebase:firebase-common:19.5.0] AndroidManifest.xml:27:13-77
212            android:authorities="com.example.dailyzerowaste.firebaseinitprovider"
212-->[com.google.firebase:firebase-common:19.5.0] AndroidManifest.xml:28:13-72
213            android:directBootAware="true"
213-->[com.google.firebase:firebase-common:19.5.0] AndroidManifest.xml:29:13-43
214            android:exported="false"
214-->[com.google.firebase:firebase-common:19.5.0] AndroidManifest.xml:30:13-37
215            android:initOrder="100" />
215-->[com.google.firebase:firebase-common:19.5.0] AndroidManifest.xml:31:13-36
216
217        <activity
217-->[com.google.android.gms:play-services-auth:16.0.1] AndroidManifest.xml:23:9-27:75
218            android:name="com.google.android.gms.auth.api.signin.internal.SignInHubActivity"
218-->[com.google.android.gms:play-services-auth:16.0.1] AndroidManifest.xml:24:13-93
219            android:excludeFromRecents="true"
219-->[com.google.android.gms:play-services-auth:16.0.1] AndroidManifest.xml:25:13-46
220            android:exported="false"
220-->[com.google.android.gms:play-services-auth:16.0.1] AndroidManifest.xml:26:13-37
221            android:theme="@android:style/Theme.Translucent.NoTitleBar" />
221-->[com.google.android.gms:play-services-auth:16.0.1] AndroidManifest.xml:27:13-72
222        <!--
223            Service handling Google Sign-In user revocation. For apps that do not integrate with
224            Google Sign-In, this service will never be started.
225        -->
226        <service
226-->[com.google.android.gms:play-services-auth:16.0.1] AndroidManifest.xml:33:9-36:110
227            android:name="com.google.android.gms.auth.api.signin.RevocationBoundService"
227-->[com.google.android.gms:play-services-auth:16.0.1] AndroidManifest.xml:34:13-89
228            android:exported="true"
228-->[com.google.android.gms:play-services-auth:16.0.1] AndroidManifest.xml:35:13-36
229            android:permission="com.google.android.gms.auth.api.signin.permission.REVOCATION_NOTIFICATION" />
229-->[com.google.android.gms:play-services-auth:16.0.1] AndroidManifest.xml:36:13-107
230
231        <provider
231-->[com.squareup.picasso:picasso:2.71828] AndroidManifest.xml:8:9-11:40
232            android:name="com.squareup.picasso.PicassoProvider"
232-->[com.squareup.picasso:picasso:2.71828] AndroidManifest.xml:9:13-64
233            android:authorities="com.example.dailyzerowaste.com.squareup.picasso"
233-->[com.squareup.picasso:picasso:2.71828] AndroidManifest.xml:10:13-72
234            android:exported="false" />
234-->[com.squareup.picasso:picasso:2.71828] AndroidManifest.xml:11:13-37
235
236        <activity
236-->[com.github.leyan95:android-zxingLibrary:0.1.2-PRE] AndroidManifest.xml:14:9-19:63
237            android:name="com.uuzuche.lib_zxing.activity.CaptureActivity"
237-->[com.github.leyan95:android-zxingLibrary:0.1.2-PRE] AndroidManifest.xml:15:13-74
238            android:configChanges="orientation|keyboardHidden"
238-->[com.github.leyan95:android-zxingLibrary:0.1.2-PRE] AndroidManifest.xml:16:13-63
239            android:screenOrientation="portrait"
239-->[com.github.leyan95:android-zxingLibrary:0.1.2-PRE] AndroidManifest.xml:17:13-49
240            android:theme="@style/Theme.AppCompat.NoActionBar"
240-->[com.github.leyan95:android-zxingLibrary:0.1.2-PRE] AndroidManifest.xml:18:13-63
241            android:windowSoftInputMode="stateAlwaysHidden" /> <!-- Needs to be explicitly declared on P+ -->
241-->[com.github.leyan95:android-zxingLibrary:0.1.2-PRE] AndroidManifest.xml:19:13-60
242        <uses-library
242-->[com.google.android.gms:play-services-maps:17.0.0] AndroidManifest.xml:33:9-35:40
243            android:name="org.apache.http.legacy"
243-->[com.google.android.gms:play-services-maps:17.0.0] AndroidManifest.xml:34:13-50
244            android:required="false" />
244-->[com.google.android.gms:play-services-maps:17.0.0] AndroidManifest.xml:35:13-37
245
246        <activity
246-->[com.google.android.gms:play-services-base:17.1.0] AndroidManifest.xml:23:9-26:75
247            android:name="com.google.android.gms.common.api.GoogleApiActivity"
247-->[com.google.android.gms:play-services-base:17.1.0] AndroidManifest.xml:24:13-79
248            android:exported="false"
248-->[com.google.android.gms:play-services-base:17.1.0] AndroidManifest.xml:25:13-37
249            android:theme="@android:style/Theme.Translucent.NoTitleBar" />
249-->[com.google.android.gms:play-services-base:17.1.0] AndroidManifest.xml:26:13-72
250
251        <receiver
251-->[com.google.android.gms:play-services-measurement:18.0.2] AndroidManifest.xml:29:9-33:20
252            android:name="com.google.android.gms.measurement.AppMeasurementReceiver"
252-->[com.google.android.gms:play-services-measurement:18.0.2] AndroidManifest.xml:30:13-85
253            android:enabled="true"
253-->[com.google.android.gms:play-services-measurement:18.0.2] AndroidManifest.xml:31:13-35
254            android:exported="false" >
254-->[com.google.android.gms:play-services-measurement:18.0.2] AndroidManifest.xml:32:13-37
255        </receiver>
256
257        <service
257-->[com.google.android.gms:play-services-measurement:18.0.2] AndroidManifest.xml:35:9-38:40
258            android:name="com.google.android.gms.measurement.AppMeasurementService"
258-->[com.google.android.gms:play-services-measurement:18.0.2] AndroidManifest.xml:36:13-84
259            android:enabled="true"
259-->[com.google.android.gms:play-services-measurement:18.0.2] AndroidManifest.xml:37:13-35
260            android:exported="false" />
260-->[com.google.android.gms:play-services-measurement:18.0.2] AndroidManifest.xml:38:13-37
261        <service
261-->[com.google.android.gms:play-services-measurement:18.0.2] AndroidManifest.xml:39:9-43:72
262            android:name="com.google.android.gms.measurement.AppMeasurementJobService"
262-->[com.google.android.gms:play-services-measurement:18.0.2] AndroidManifest.xml:40:13-87
263            android:enabled="true"
263-->[com.google.android.gms:play-services-measurement:18.0.2] AndroidManifest.xml:41:13-35
264            android:exported="false"
264-->[com.google.android.gms:play-services-measurement:18.0.2] AndroidManifest.xml:42:13-37
265            android:permission="android.permission.BIND_JOB_SERVICE" />
265-->[com.google.android.gms:play-services-measurement:18.0.2] AndroidManifest.xml:43:13-69
266
267        <meta-data
267-->[com.google.android.gms:play-services-basement:17.1.0] AndroidManifest.xml:23:9-25:69
268            android:name="com.google.android.gms.version"
268-->[com.google.android.gms:play-services-basement:17.1.0] AndroidManifest.xml:24:13-58
269            android:value="@integer/google_play_services_version" />
269-->[com.google.android.gms:play-services-basement:17.1.0] AndroidManifest.xml:25:13-66
270    </application>
271
272</manifest>